<?xml version="1.0" encoding="UTF-8"?>
<testsuite xmlns:xsi="http://www.w3.org/2001/XMLSchema-instance" xsi:noNamespaceSchemaLocation="https://maven.apache.org/surefire/maven-surefire-plugin/xsd/surefire-test-report-3.0.xsd" version="3.0" name="TestSuite" time="53.348" tests="3" errors="0" skipped="0" failures="0">
  <properties>
    <property name="java.specification.version" value="14"/>
    <property name="sun.cpu.isalist" value="amd64"/>
    <property name="sun.jnu.encoding" value="Cp1252"/>
    <property name="java.class.path" value="C:\Mayur\Selenium\E2EProject\target\test-classes;C:\Mayur\Selenium\E2EProject\target\classes;C:\Users\52093562\.m2\repository\org\apache\logging\log4j\log4j-api\2.13.3\log4j-api-2.13.3.jar;C:\Users\52093562\.m2\repository\org\apache\logging\log4j\log4j-core\2.13.3\log4j-core-2.13.3.jar;C:\Users\52093562\.m2\repository\org\seleniumhq\selenium\selenium-java\3.141.59\selenium-java-3.141.59.jar;C:\Users\52093562\.m2\repository\org\seleniumhq\selenium\selenium-api\3.141.59\selenium-api-3.141.59.jar;C:\Users\52093562\.m2\repository\org\seleniumhq\selenium\selenium-chrome-driver\3.141.59\selenium-chrome-driver-3.141.59.jar;C:\Users\52093562\.m2\repository\org\seleniumhq\selenium\selenium-edge-driver\3.141.59\selenium-edge-driver-3.141.59.jar;C:\Users\52093562\.m2\repository\org\seleniumhq\selenium\selenium-firefox-driver\3.141.59\selenium-firefox-driver-3.141.59.jar;C:\Users\52093562\.m2\repository\org\seleniumhq\selenium\selenium-ie-driver\3.141.59\selenium-ie-driver-3.141.59.jar;C:\Users\52093562\.m2\repository\org\seleniumhq\selenium\selenium-opera-driver\3.141.59\selenium-opera-driver-3.141.59.jar;C:\Users\52093562\.m2\repository\org\seleniumhq\selenium\selenium-remote-driver\3.141.59\selenium-remote-driver-3.141.59.jar;C:\Users\52093562\.m2\repository\org\seleniumhq\selenium\selenium-safari-driver\3.141.59\selenium-safari-driver-3.141.59.jar;C:\Users\52093562\.m2\repository\org\seleniumhq\selenium\selenium-support\3.141.59\selenium-support-3.141.59.jar;C:\Users\52093562\.m2\repository\net\bytebuddy\byte-buddy\1.8.15\byte-buddy-1.8.15.jar;C:\Users\52093562\.m2\repository\org\apache\commons\commons-exec\1.3\commons-exec-1.3.jar;C:\Users\52093562\.m2\repository\com\google\guava\guava\25.0-jre\guava-25.0-jre.jar;C:\Users\52093562\.m2\repository\com\google\code\findbugs\jsr305\1.3.9\jsr305-1.3.9.jar;C:\Users\52093562\.m2\repository\org\checkerframework\checker-compat-qual\2.0.0\checker-compat-qual-2.0.0.jar;C:\Users\52093562\.m2\repository\com\google\errorprone\error_prone_annotations\2.1.3\error_prone_annotations-2.1.3.jar;C:\Users\52093562\.m2\repository\com\google\j2objc\j2objc-annotations\1.1\j2objc-annotations-1.1.jar;C:\Users\52093562\.m2\repository\org\codehaus\mojo\animal-sniffer-annotations\1.14\animal-sniffer-annotations-1.14.jar;C:\Users\52093562\.m2\repository\com\squareup\okhttp3\okhttp\3.11.0\okhttp-3.11.0.jar;C:\Users\52093562\.m2\repository\com\squareup\okio\okio\1.14.0\okio-1.14.0.jar;C:\Users\52093562\.m2\repository\com\aventstack\extentreports\5.0.4\extentreports-5.0.4.jar;C:\Users\52093562\.m2\repository\io\reactivex\rxjava3\rxjava\3.0.4\rxjava-3.0.4.jar;C:\Users\52093562\.m2\repository\org\reactivestreams\reactive-streams\1.0.3\reactive-streams-1.0.3.jar;C:\Users\52093562\.m2\repository\org\freemarker\freemarker\2.3.30\freemarker-2.3.30.jar;C:\Users\52093562\.m2\repository\org\projectlombok\lombok\1.18.12\lombok-1.18.12.jar;C:\Users\52093562\.m2\repository\com\google\code\gson\gson\2.8.6\gson-2.8.6.jar;C:\Users\52093562\.m2\repository\org\testng\testng\7.1.0\testng-7.1.0.jar;C:\Users\52093562\.m2\repository\com\beust\jcommander\1.72\jcommander-1.72.jar;C:\Users\52093562\.m2\repository\com\google\inject\guice\4.1.0\guice-4.1.0-no_aop.jar;C:\Users\52093562\.m2\repository\javax\inject\javax.inject\1\javax.inject-1.jar;C:\Users\52093562\.m2\repository\aopalliance\aopalliance\1.0\aopalliance-1.0.jar;C:\Users\52093562\.m2\repository\org\yaml\snakeyaml\1.21\snakeyaml-1.21.jar;C:\Users\52093562\.m2\repository\commons-io\commons-io\2.8.0\commons-io-2.8.0.jar;"/>
    <property name="java.vm.vendor" value="Oracle Corporation"/>
    <property name="sun.arch.data.model" value="64"/>
    <property name="user.variant" value=""/>
    <property name="java.vendor.url" value="https://java.oracle.com/"/>
    <property name="user.timezone" value="Asia/Calcutta"/>
    <property name="os.name" value="Windows 10"/>
    <property name="java.vm.specification.version" value="14"/>
    <property name="sun.java.launcher" value="SUN_STANDARD"/>
    <property name="user.country" value="US"/>
    <property name="sun.boot.library.path" value="C:\Program Files\Java\jdk-14.0.2\bin"/>
    <property name="sun.java.command" value="C:\Users\52093562\AppData\Local\Temp\surefire7577797053479595020\surefirebooter9824987528897210039.jar C:\Users\52093562\AppData\Local\Temp\surefire7577797053479595020 2020-09-25T15-40-52_297-jvmRun1 surefire1447184578151424924tmp surefire_02611465160144242020tmp"/>
    <property name="jdk.debug" value="release"/>
    <property name="surefire.test.class.path" value="C:\Mayur\Selenium\E2EProject\target\test-classes;C:\Mayur\Selenium\E2EProject\target\classes;C:\Users\52093562\.m2\repository\org\apache\logging\log4j\log4j-api\2.13.3\log4j-api-2.13.3.jar;C:\Users\52093562\.m2\repository\org\apache\logging\log4j\log4j-core\2.13.3\log4j-core-2.13.3.jar;C:\Users\52093562\.m2\repository\org\seleniumhq\selenium\selenium-java\3.141.59\selenium-java-3.141.59.jar;C:\Users\52093562\.m2\repository\org\seleniumhq\selenium\selenium-api\3.141.59\selenium-api-3.141.59.jar;C:\Users\52093562\.m2\repository\org\seleniumhq\selenium\selenium-chrome-driver\3.141.59\selenium-chrome-driver-3.141.59.jar;C:\Users\52093562\.m2\repository\org\seleniumhq\selenium\selenium-edge-driver\3.141.59\selenium-edge-driver-3.141.59.jar;C:\Users\52093562\.m2\repository\org\seleniumhq\selenium\selenium-firefox-driver\3.141.59\selenium-firefox-driver-3.141.59.jar;C:\Users\52093562\.m2\repository\org\seleniumhq\selenium\selenium-ie-driver\3.141.59\selenium-ie-driver-3.141.59.jar;C:\Users\52093562\.m2\repository\org\seleniumhq\selenium\selenium-opera-driver\3.141.59\selenium-opera-driver-3.141.59.jar;C:\Users\52093562\.m2\repository\org\seleniumhq\selenium\selenium-remote-driver\3.141.59\selenium-remote-driver-3.141.59.jar;C:\Users\52093562\.m2\repository\org\seleniumhq\selenium\selenium-safari-driver\3.141.59\selenium-safari-driver-3.141.59.jar;C:\Users\52093562\.m2\repository\org\seleniumhq\selenium\selenium-support\3.141.59\selenium-support-3.141.59.jar;C:\Users\52093562\.m2\repository\net\bytebuddy\byte-buddy\1.8.15\byte-buddy-1.8.15.jar;C:\Users\52093562\.m2\repository\org\apache\commons\commons-exec\1.3\commons-exec-1.3.jar;C:\Users\52093562\.m2\repository\com\google\guava\guava\25.0-jre\guava-25.0-jre.jar;C:\Users\52093562\.m2\repository\com\google\code\findbugs\jsr305\1.3.9\jsr305-1.3.9.jar;C:\Users\52093562\.m2\repository\org\checkerframework\checker-compat-qual\2.0.0\checker-compat-qual-2.0.0.jar;C:\Users\52093562\.m2\repository\com\google\errorprone\error_prone_annotations\2.1.3\error_prone_annotations-2.1.3.jar;C:\Users\52093562\.m2\repository\com\google\j2objc\j2objc-annotations\1.1\j2objc-annotations-1.1.jar;C:\Users\52093562\.m2\repository\org\codehaus\mojo\animal-sniffer-annotations\1.14\animal-sniffer-annotations-1.14.jar;C:\Users\52093562\.m2\repository\com\squareup\okhttp3\okhttp\3.11.0\okhttp-3.11.0.jar;C:\Users\52093562\.m2\repository\com\squareup\okio\okio\1.14.0\okio-1.14.0.jar;C:\Users\52093562\.m2\repository\com\aventstack\extentreports\5.0.4\extentreports-5.0.4.jar;C:\Users\52093562\.m2\repository\io\reactivex\rxjava3\rxjava\3.0.4\rxjava-3.0.4.jar;C:\Users\52093562\.m2\repository\org\reactivestreams\reactive-streams\1.0.3\reactive-streams-1.0.3.jar;C:\Users\52093562\.m2\repository\org\freemarker\freemarker\2.3.30\freemarker-2.3.30.jar;C:\Users\52093562\.m2\repository\org\projectlombok\lombok\1.18.12\lombok-1.18.12.jar;C:\Users\52093562\.m2\repository\com\google\code\gson\gson\2.8.6\gson-2.8.6.jar;C:\Users\52093562\.m2\repository\org\testng\testng\7.1.0\testng-7.1.0.jar;C:\Users\52093562\.m2\repository\com\beust\jcommander\1.72\jcommander-1.72.jar;C:\Users\52093562\.m2\repository\com\google\inject\guice\4.1.0\guice-4.1.0-no_aop.jar;C:\Users\52093562\.m2\repository\javax\inject\javax.inject\1\javax.inject-1.jar;C:\Users\52093562\.m2\repository\aopalliance\aopalliance\1.0\aopalliance-1.0.jar;C:\Users\52093562\.m2\repository\org\yaml\snakeyaml\1.21\snakeyaml-1.21.jar;C:\Users\52093562\.m2\repository\commons-io\commons-io\2.8.0\commons-io-2.8.0.jar;"/>
    <property name="sun.cpu.endian" value="little"/>
    <property name="user.home" value="C:\Users\52093562"/>
    <property name="user.language" value="en"/>
    <property name="java.specification.vendor" value="Oracle Corporation"/>
    <property name="java.version.date" value="2020-07-14"/>
    <property name="java.home" value="C:\Program Files\Java\jdk-14.0.2"/>
    <property name="file.separator" value="\"/>
    <property name="basedir" value="C:\Mayur\Selenium\E2EProject"/>
    <property name="java.vm.compressedOopsMode" value="32-bit"/>
    <property name="line.separator" value="&#10;"/>
    <property name="java.vm.specification.vendor" value="Oracle Corporation"/>
    <property name="java.specification.name" value="Java Platform API Specification"/>
    <property name="surefire.real.class.path" value="C:\Users\52093562\AppData\Local\Temp\surefire7577797053479595020\surefirebooter9824987528897210039.jar"/>
    <property name="user.script" value=""/>
    <property name="sun.management.compiler" value="HotSpot 64-Bit Tiered Compilers"/>
    <property name="java.runtime.version" value="14.0.2+12-46"/>
    <property name="user.name" value="52093562"/>
    <property name="path.separator" value=";"/>
    <property name="os.version" value="10.0"/>
    <property name="java.runtime.name" value="Java(TM) SE Runtime Environment"/>
    <property name="file.encoding" value="Cp1252"/>
    <property name="browser" value="firefox"/>
    <property name="java.vm.name" value="Java HotSpot(TM) 64-Bit Server VM"/>
    <property name="localRepository" value="C:\Users\52093562\.m2\repository"/>
    <property name="java.vendor.url.bug" value="https://bugreport.java.com/bugreport/"/>
    <property name="java.io.tmpdir" value="C:\Users\52093562\AppData\Local\Temp\"/>
    <property name="java.version" value="14.0.2"/>
    <property name="user.dir" value="C:\Mayur\Selenium\E2EProject"/>
    <property name="os.arch" value="amd64"/>
    <property name="webdriver.gecko.driver" value="C:\Mayur\geckodriver.exe"/>
    <property name="java.vm.specification.name" value="Java Virtual Machine Specification"/>
    <property name="sun.os.patch.level" value=""/>
    <property name="java.library.path" value="C:\Program Files\Java\jdk-14.0.2\bin;C:\Windows\Sun\Java\bin;C:\Windows\system32;C:\Windows;C:\ProgramData\Oracle\Java\javapath;C:\Program Files (x86)\RSA SecurID Token Common;C:\Windows\system32;C:\Windows;C:\Windows\System32\Wbem;C:\Windows\System32\WindowsPowerShell\v1.0\;C:\Program Files\Java\jdk-14.0.2\bin;C:\Users\52093562\Downloads\apache-maven-3.6.3-bin\apache-maven-3.6.3\bin;C:\Program Files\Git\cmd;C:\Users\52093562\AppData\Local\Microsoft\WindowsApps;;."/>
    <property name="java.vm.info" value="mixed mode, sharing"/>
    <property name="java.vendor" value="Oracle Corporation"/>
    <property name="java.vm.version" value="14.0.2+12-46"/>
    <property name="sun.io.unicode.encoding" value="UnicodeLittle"/>
    <property name="java.class.version" value="58.0"/>
  </properties>
  <testcase name="basetest" classname="Project.validateTitleTest" time="0.989">
    <system-out><![CDATA[15:41:15.955 [TestNG-tests-2] INFO  resources.base - Driver Initialize
15:41:30.924 [TestNG-tests-2] INFO  resources.base - Site Reached
15:41:31.383 [TestNG-tests-2] INFO  resources.base - Text is equals
15:41:31.895 [TestNG-tests-2] INFO  resources.base - Navigation bar is displayed
]]></system-out>
    <system-err><![CDATA[1166001100228866557737367	6g	ecgkeodcrkivoedr	rINiFvOe	rL	isIteNFOn	iLnigs toennin g1 o2n7 .1027..00..01.:12:9207880
64
1601028658112	mo160zr1un0ne2r:8:6r58un1n1er	2I	NFmO	Ruonznrinugn nceorm:m:arnudn:n e"rC	:I\N\FPOr	oRgurnanmi nFgi lceosmm\a\nMdo:z i"lCl:a\ F\iPrreofgorxam\\ fFiirleefso\x\.eMxeo" z"-i-mlarlioane ttFe"i "r-feorfeogrxou\nd\" f"i-nro-erefmootxe."e x"e-"p ro"f--imlae"r i"oCn:e\t\tUes"e r"s-\f\o5r20eg93r5o6un2d\"\ A"p-pnDo-remote" "-profile" "C:\\aUstear\s\\\L5o2c0a9l3\5\6T2e\m\pA\p\prDusatt_mao\z\pLroocfaill\e\uTre3mYpa\w\"r
ust_mozprofileqMUlIY"
JJavaSacvraiScpritpt  eerrror:r resoourrc:e :/r/geres/mooduurlecse/:X/UL/Sgtroe/mordeu.ljessm/, liXnUeL S6t6o:r Eerr.ojrs:m,  Calni'tne f i6n6d: p rEorrfile directory.
or: Can't find profile directory.
console.error: SearchCache: "_readCacheFile: Error reading cache file:" (new Error("", "(unknown module)"))
console.error: SearchCache: "_readCacheFile: Error reading cache file:" (new Error("", "(unknown module)"))
1601028674104	Marionette	INFO	Listening on port 65373
1601028674106	Marionette	INFO	Listening on port 65372
1601028675020	Marionette	WARN	TLS certificate errors will be ignored for this session
1601028675058	Marionette	WARN	TLS certificate errors will be ignored for this session
Sep 25, 2020 3:41:15 PM org.openqa.selenium.remote.ProtocolHandshake createSession
INFO: Detected dialect: W3C
Sep 25, 2020 3:41:15 PM org.openqa.selenium.remote.ProtocolHandshake createSession
INFO: Detected dialect: W3C
]]></system-err>
  </testcase>
  <testcase name="basetest[Firstuser@abc.com, First pswd](1)" classname="Project.HomePageTest" time="9.058">
    <system-out><![CDATA[15:41:38.486 [TestNG-tests-1] INFO  resources.base - Firstuser@abc.com
15:41:38.538 [TestNG-tests-1] INFO  resources.base - First pswd
]]></system-out>
    <system-err><![CDATA[1601028691936	Marionette	INFO	Stopped listening on port 65373

###!!! [Child][RunMessage] Error: Channel closing: too late to send/recv, messages will be lost

]]></system-err>
  </testcase>
  <testcase name="basetest[Seconduser@abc.com, Second Pswd](2)" classname="Project.HomePageTest" time="2.66">
    <system-out><![CDATA[15:41:42.331 [TestNG-tests-1] INFO  resources.base - Seconduser@abc.com
15:41:42.379 [TestNG-tests-1] INFO  resources.base - Second Pswd
]]></system-out>
  </testcase>
</testsuite>