<?xml version="1.0" encoding="UTF-8"?>
<!-- Generated by org.testng.reporters.JUnitReportReporter -->
<testsuite hostname="NODLTP52093562A" failures="0" tests="2" name="Project.HomePage" time="10.918" errors="0" timestamp="2020-09-23T17:23:39 IST" skipped="0">
  <testcase classname="Project.HomePage" name="basetest" time="5.683"/>
  <system-out/>
  <testcase classname="Project.HomePage" name="basetest" time="5.235"/>
  <system-out/>
</testsuite> <!-- Project.HomePage -->
