<?xml version="1.0" encoding="UTF-8"?>
<!-- Generated by org.testng.reporters.JUnitReportReporter -->
<testsuite hostname="NODLTP52093562A" failures="0" tests="1" name="Project.validateTitleTest" time="0.565" errors="0" timestamp="2020-09-24T16:06:38 IST" skipped="0">
  <testcase classname="Project.validateTitleTest" name="basetest" time="0.565"/>
  <system-out/>
</testsuite> <!-- Project.validateTitleTest -->
