<?xml version="1.0" encoding="UTF-8"?>
<!-- Generated by org.testng.reporters.JUnitReportReporter -->
<testsuite hostname="NODLTP52093562A" failures="0" tests="2" name="Project.HomePageTest" time="18.463" errors="0" timestamp="2020-09-24T16:06:38 IST" skipped="0">
  <testcase classname="Project.HomePageTest" name="basetest" time="4.430"/>
  <system-out/>
  <testcase classname="Project.HomePageTest" name="basetest" time="14.033"/>
  <system-out/>
</testsuite> <!-- Project.HomePageTest -->
