<?xml version="1.0" encoding="UTF-8"?>
<!-- Generated by org.testng.reporters.JUnitReportReporter -->
<testsuite hostname="NODLTP52093562A" failures="0" tests="1" name="Project.validateTitle" time="0.290" errors="0" timestamp="2020-09-23T17:59:52 IST" skipped="0">
  <testcase classname="Project.validateTitle" name="basetest" time="0.290"/>
  <system-out/>
</testsuite> <!-- Project.validateTitle -->
