<?xml version="1.0" encoding="UTF-8"?>
<!-- Generated by org.testng.reporters.JUnitReportReporter -->
<testsuite hostname="NODLTP52093562A" failures="0" tests="2" name="MavenProject.Maventest.MobileTest" time="0.014" errors="0" timestamp="2020-09-21T14:23:50 IST" skipped="0">
  <testcase classname="MavenProject.Maventest.MobileTest" name="mobileTest" time="0.012"/>
  <system-out/>
  <testcase classname="MavenProject.Maventest.MobileTest" name="mobileTest2" time="0.002"/>
  <system-out/>
</testsuite> <!-- MavenProject.Maventest.MobileTest -->
