<?xml version="1.0" encoding="UTF-8"?>
<!-- Generated by org.testng.reporters.JUnitReportReporter -->
<testsuite hostname="NODLTP52093562A" failures="0" tests="2" name="Project.HomePageTest" time="14.424" errors="0" timestamp="2020-09-28T11:50:08 IST" skipped="0">
  <testcase classname="Project.HomePageTest" name="basetest" time="9.467"/>
  <system-out/>
  <testcase classname="Project.HomePageTest" name="basetest" time="4.957"/>
  <system-out/>
</testsuite> <!-- Project.HomePageTest -->
