<?xml version="1.0" encoding="UTF-8"?>
<!-- Generated by org.testng.reporters.JUnitReportReporter -->
<testsuite hostname="NODLTP52093562A" failures="0" tests="2" name="Project.HomePageTest" time="26.616" errors="0" timestamp="2020-09-25T15:41:47 IST" skipped="0">
  <testcase classname="Project.HomePageTest" name="basetest" time="23.940"/>
  <system-out/>
  <testcase classname="Project.HomePageTest" name="basetest" time="2.676"/>
  <system-out/>
</testsuite> <!-- Project.HomePageTest -->
