<?xml version="1.0" encoding="UTF-8"?>
<!-- Generated by org.testng.reporters.JUnitReportReporter -->
<testsuite hostname="NODLTP52093562A" failures="0" tests="2" name="Project.HomePageTest" time="18.384" errors="0" timestamp="2020-09-24T16:11:10 IST" skipped="0">
  <testcase classname="Project.HomePageTest" name="basetest" time="13.541"/>
  <system-out/>
  <testcase classname="Project.HomePageTest" name="basetest" time="4.843"/>
  <system-out/>
</testsuite> <!-- Project.HomePageTest -->
